{"/home/kb-0311/Desktop/jest-test/Node-Express-Testing/controllers/restaurantControllers.js": {"path":"/home/kb-0311/Desktop/jest-test/Node-Express-Testing/controllers/restaurantControllers.js","statementMap":{"0":{"start":{"line":1,"column":19},"end":{"line":1,"column":55}},"1":{"start":{"line":3,"column":0},"end":{"line":29,"column":1}},"2":{"start":{"line":4,"column":4},"end":{"line":26,"column":5}},"3":{"start":{"line":5,"column":23},"end":{"line":5,"column":49}},"4":{"start":{"line":7,"column":8},"end":{"line":9,"column":9}},"5":{"start":{"line":8,"column":12},"end":{"line":8,"column":73}},"6":{"start":{"line":11,"column":27},"end":{"line":15,"column":10}},"7":{"start":{"line":17,"column":8},"end":{"line":17,"column":32}},"8":{"start":{"line":19,"column":8},"end":{"line":21,"column":9}},"9":{"start":{"line":23,"column":8},"end":{"line":25,"column":10}}},"fnMap":{"0":{"name":"createRestaurant","decl":{"start":{"line":3,"column":33},"end":{"line":3,"column":49}},"loc":{"start":{"line":3,"column":73},"end":{"line":29,"column":1}},"line":3}},"branchMap":{"0":{"loc":{"start":{"line":7,"column":8},"end":{"line":9,"column":9}},"type":"if","locations":[{"start":{"line":7,"column":8},"end":{"line":9,"column":9}},{"start":{},"end":{}}],"line":7}},"s":{"0":1,"1":1,"2":1,"3":1,"4":1,"5":1,"6":0,"7":0,"8":0,"9":1},"f":{"0":1},"b":{"0":[1,0]},"_coverageSchema":"1a1c01bbd47fc00a2c39e90264f33305004495a9","hash":"fd78e82f6d336c0f4c3112b935d03d31054fa734"}
,"/home/kb-0311/Desktop/jest-test/Node-Express-Testing/models/restaurantModel.js": {"path":"/home/kb-0311/Desktop/jest-test/Node-Express-Testing/models/restaurantModel.js","statementMap":{"0":{"start":{"line":1,"column":17},"end":{"line":1,"column":36}},"1":{"start":{"line":3,"column":25},"end":{"line":17,"column":2}},"2":{"start":{"line":18,"column":0},"end":{"line":18,"column":65}}},"fnMap":{},"branchMap":{},"s":{"0":1,"1":1,"2":1},"f":{},"b":{},"_coverageSchema":"1a1c01bbd47fc00a2c39e90264f33305004495a9","hash":"2ab2689a340168f37f9c3af2ad53dd945531e1e1"}
}
